<?xml version="1.0" encoding="UTF-8"?>
<testng-results skipped="0" failed="0" total="18" passed="18">
  <reporter-output>
  </reporter-output>
  <suite name="Gradle suite" duration-ms="1212" started-at="2012-02-28T21:26:59Z" finished-at="2012-02-28T21:27:00Z">
    <groups>
    </groups>
    <test name="Gradle test" duration-ms="1212" started-at="2012-02-28T21:26:59Z" finished-at="2012-02-28T21:27:00Z">
      <class name="com.atoito.please.test.unit.OpsFileTest">
        <test-method status="PASS" signature="testSimple()[pri:0, instance:com.atoito.please.test.unit.OpsFileTest@16fdac]" name="testSimple" duration-ms="51" started-at="2012-02-28T21:27:00Z" description="ops file is loaded" finished-at="2012-02-28T21:27:00Z">
        </test-method> <!-- testSimple -->
      </class> <!-- com.atoito.please.test.unit.OpsFileTest -->
      <class name="com.atoito.please.test.unit.DefaultRegistryTest">
        <test-method status="PASS" signature="setUp()[pri:0, instance:com.atoito.please.test.unit.DefaultRegistryTest@fdfc58]" name="setUp" is-config="true" duration-ms="3" started-at="2012-02-28T21:26:59Z" finished-at="2012-02-28T21:26:59Z">
        </test-method> <!-- setUp -->
        <test-method status="PASS" signature="beforeMethod()[pri:0, instance:com.atoito.please.test.unit.DefaultRegistryTest@fdfc58]" name="beforeMethod" is-config="true" duration-ms="6" started-at="2012-02-28T21:26:59Z" finished-at="2012-02-28T21:26:59Z">
        </test-method> <!-- beforeMethod -->
        <test-method status="PASS" signature="loadDefinitionsUrl()[pri:0, instance:com.atoito.please.test.unit.DefaultRegistryTest@fdfc58]" name="loadDefinitionsUrl" duration-ms="395" started-at="2012-02-28T21:26:59Z" description="registry loads operations in custom definitions file" finished-at="2012-02-28T21:27:00Z">
        </test-method> <!-- loadDefinitionsUrl -->
        <test-method status="PASS" signature="afterMethod()[pri:0, instance:com.atoito.please.test.unit.DefaultRegistryTest@fdfc58]" name="afterMethod" is-config="true" duration-ms="0" started-at="2012-02-28T21:27:00Z" finished-at="2012-02-28T21:27:00Z">
        </test-method> <!-- afterMethod -->
        <test-method status="PASS" signature="beforeMethod()[pri:0, instance:com.atoito.please.test.unit.DefaultRegistryTest@fdfc58]" name="beforeMethod" is-config="true" duration-ms="0" started-at="2012-02-28T21:27:00Z" finished-at="2012-02-28T21:27:00Z">
        </test-method> <!-- beforeMethod -->
        <test-method status="PASS" signature="loadOpsFile()[pri:0, instance:com.atoito.please.test.unit.DefaultRegistryTest@fdfc58]" name="loadOpsFile" duration-ms="241" started-at="2012-02-28T21:27:00Z" description="registry loads ops file" finished-at="2012-02-28T21:27:00Z">
        </test-method> <!-- loadOpsFile -->
        <test-method status="PASS" signature="afterMethod()[pri:0, instance:com.atoito.please.test.unit.DefaultRegistryTest@fdfc58]" name="afterMethod" is-config="true" duration-ms="0" started-at="2012-02-28T21:27:00Z" finished-at="2012-02-28T21:27:00Z">
        </test-method> <!-- afterMethod -->
        <test-method status="PASS" signature="beforeMethod()[pri:0, instance:com.atoito.please.test.unit.DefaultRegistryTest@fdfc58]" name="beforeMethod" is-config="true" duration-ms="0" started-at="2012-02-28T21:27:00Z" finished-at="2012-02-28T21:27:00Z">
        </test-method> <!-- beforeMethod -->
        <test-method status="PASS" signature="loadPluginsDefinitions()[pri:0, instance:com.atoito.please.test.unit.DefaultRegistryTest@fdfc58]" name="loadPluginsDefinitions" duration-ms="24" started-at="2012-02-28T21:27:00Z" description="registry loads operations in META-INF/plugin-definitions.please" finished-at="2012-02-28T21:27:00Z">
        </test-method> <!-- loadPluginsDefinitions -->
        <test-method status="PASS" signature="tearDown()[pri:0, instance:com.atoito.please.test.unit.DefaultRegistryTest@fdfc58]" name="tearDown" is-config="true" duration-ms="0" started-at="2012-02-28T21:27:00Z" finished-at="2012-02-28T21:27:00Z">
        </test-method> <!-- tearDown -->
        <test-method status="PASS" signature="afterMethod()[pri:0, instance:com.atoito.please.test.unit.DefaultRegistryTest@fdfc58]" name="afterMethod" is-config="true" duration-ms="0" started-at="2012-02-28T21:27:00Z" finished-at="2012-02-28T21:27:00Z">
        </test-method> <!-- afterMethod -->
      </class> <!-- com.atoito.please.test.unit.DefaultRegistryTest -->
      <class name="com.atoito.please.test.unit.CopySingleFileActionTest">
        <test-method status="PASS" signature="setUp()[pri:0, instance:com.atoito.please.test.unit.CopySingleFileActionTest@1b2d7df]" name="setUp" is-config="true" duration-ms="2" started-at="2012-02-28T21:27:00Z" finished-at="2012-02-28T21:27:00Z">
        </test-method> <!-- setUp -->
        <test-method status="PASS" signature="overwriteFile()[pri:0, instance:com.atoito.please.test.unit.CopySingleFileActionTest@1b2d7df]" name="overwriteFile" duration-ms="19" started-at="2012-02-28T21:27:00Z" description="if &#039;to&#039; points to an existent file, this file is overwritten with the original&#039;s content" finished-at="2012-02-28T21:27:00Z">
        </test-method> <!-- overwriteFile -->
        <test-method status="PASS" signature="copySingleFileToExistentDirectory()[pri:0, instance:com.atoito.please.test.unit.CopySingleFileActionTest@1b2d7df]" name="copySingleFileToExistentDirectory" duration-ms="2" started-at="2012-02-28T21:27:00Z" description="if &#039;to&#039; points to an existent directory, the file is copied with the original&#039;s base name" finished-at="2012-02-28T21:27:00Z">
        </test-method> <!-- copySingleFileToExistentDirectory -->
        <test-method status="PASS" signature="failsIfFromDoensNotExist()[pri:0, instance:com.atoito.please.test.unit.CopySingleFileActionTest@1b2d7df]" name="failsIfFromDoensNotExist" duration-ms="1" started-at="2012-02-28T21:27:00Z" description="if &#039;from&#039; doesn&#039;t exist and it isn&#039;t in registered outputs and checkFrom is true, action fails" finished-at="2012-02-28T21:27:00Z">
          <exception class="java.lang.IllegalArgumentException">
            <message>
              <![CDATA[file to copy '/home/enrico/Projects/please/modules/core/file-1330460820635' not found. fail]]>
            </message>
            <full-stacktrace>
              <![CDATA[java.lang.IllegalArgumentException: file to copy '/home/enrico/Projects/please/modules/core/file-1330460820635' not found. fail
	at com.google.common.base.Preconditions.checkArgument(Preconditions.java:115)
	at com.atoito.please.core.actions.CopyAction.resolveAndValidateFrom(CopyAction.java:99)
	at com.atoito.please.core.actions.CopyAction.internalInitialize(CopyAction.java:123)
	at com.atoito.please.core.api.AbstractAction.initialize(AbstractAction.java:58)
	at com.atoito.please.test.unit.CopySingleFileActionTest.failsIfFromDoensNotExist(CopySingleFileActionTest.java:118)
	at sun.reflect.NativeMethodAccessorImpl.invoke0(Native Method)
	at sun.reflect.NativeMethodAccessorImpl.invoke(NativeMethodAccessorImpl.java:39)
	at sun.reflect.DelegatingMethodAccessorImpl.invoke(DelegatingMethodAccessorImpl.java:25)
	at java.lang.reflect.Method.invoke(Method.java:597)
	at org.testng.internal.MethodInvocationHelper.invokeMethod(MethodInvocationHelper.java:80)
	at org.testng.internal.Invoker.invokeMethod(Invoker.java:701)
	at org.testng.internal.Invoker.invokeTestMethod(Invoker.java:893)
	at org.testng.internal.Invoker.invokeTestMethods(Invoker.java:1218)
	at org.testng.internal.TestMethodWorker.invokeTestMethods(TestMethodWorker.java:127)
	at org.testng.internal.TestMethodWorker.run(TestMethodWorker.java:111)
	at org.testng.TestRunner.privateRun(TestRunner.java:758)
	at org.testng.TestRunner.run(TestRunner.java:613)
	at org.testng.SuiteRunner.runTest(SuiteRunner.java:334)
	at org.testng.SuiteRunner.runSequentially(SuiteRunner.java:329)
	at org.testng.SuiteRunner.privateRun(SuiteRunner.java:291)
	at org.testng.SuiteRunner.run(SuiteRunner.java:240)
	at org.testng.SuiteRunnerWorker.runSuite(SuiteRunnerWorker.java:53)
	at org.testng.SuiteRunnerWorker.run(SuiteRunnerWorker.java:87)
	at org.testng.TestNG.runSuitesSequentially(TestNG.java:1170)
	at org.testng.TestNG.runSuitesLocally(TestNG.java:1095)
	at org.testng.TestNG.run(TestNG.java:1007)
	at org.gradle.api.internal.tasks.testing.testng.TestNGTestClassProcessor.stop(TestNGTestClassProcessor.java:103)
	at org.gradle.api.internal.tasks.testing.SuiteTestClassProcessor.stop(SuiteTestClassProcessor.java:58)
	at sun.reflect.NativeMethodAccessorImpl.invoke0(Native Method)
	at sun.reflect.NativeMethodAccessorImpl.invoke(NativeMethodAccessorImpl.java:39)
	at sun.reflect.DelegatingMethodAccessorImpl.invoke(DelegatingMethodAccessorImpl.java:25)
	at java.lang.reflect.Method.invoke(Method.java:597)
	at org.gradle.messaging.dispatch.ReflectionDispatch.dispatch(ReflectionDispatch.java:35)
	at org.gradle.messaging.dispatch.ReflectionDispatch.dispatch(ReflectionDispatch.java:24)
	at org.gradle.messaging.dispatch.ContextClassLoaderDispatch.dispatch(ContextClassLoaderDispatch.java:32)
	at org.gradle.messaging.dispatch.ProxyDispatchAdapter$DispatchingInvocationHandler.invoke(ProxyDispatchAdapter.java:75)
	at $Proxy3.stop(Unknown Source)
	at org.gradle.api.internal.tasks.testing.worker.TestWorker.stop(TestWorker.java:100)
	at sun.reflect.NativeMethodAccessorImpl.invoke0(Native Method)
	at sun.reflect.NativeMethodAccessorImpl.invoke(NativeMethodAccessorImpl.java:39)
	at sun.reflect.DelegatingMethodAccessorImpl.invoke(DelegatingMethodAccessorImpl.java:25)
	at java.lang.reflect.Method.invoke(Method.java:597)
	at org.gradle.messaging.dispatch.ReflectionDispatch.dispatch(ReflectionDispatch.java:35)
	at org.gradle.messaging.dispatch.ReflectionDispatch.dispatch(ReflectionDispatch.java:24)
	at org.gradle.messaging.remote.internal.TypeCastDispatch.dispatch(TypeCastDispatch.java:30)
	at org.gradle.messaging.remote.internal.WorkerProtocol.handleIncoming(WorkerProtocol.java:53)
	at org.gradle.messaging.remote.internal.WorkerProtocol.handleIncoming(WorkerProtocol.java:31)
	at org.gradle.messaging.remote.internal.ProtocolStack$ProtocolStage.handleIncoming(ProtocolStack.java:167)
	at org.gradle.messaging.remote.internal.ProtocolStack$BottomStage.handleIncoming(ProtocolStack.java:277)
	at org.gradle.messaging.remote.internal.ProtocolStack$BottomConnection$1.run(ProtocolStack.java:299)
	at org.gradle.messaging.remote.internal.ProtocolStack$ExecuteRunnable.dispatch(ProtocolStack.java:120)
	at org.gradle.messaging.remote.internal.ProtocolStack$ExecuteRunnable.dispatch(ProtocolStack.java:116)
	at org.gradle.messaging.dispatch.AsyncDispatch.dispatchMessages(AsyncDispatch.java:132)
	at org.gradle.messaging.dispatch.AsyncDispatch.access$000(AsyncDispatch.java:33)
	at org.gradle.messaging.dispatch.AsyncDispatch$1.run(AsyncDispatch.java:72)
	at org.gradle.messaging.concurrent.DefaultExecutorFactory$StoppableExecutorImpl$1.run(DefaultExecutorFactory.java:66)
	at java.util.concurrent.ThreadPoolExecutor$Worker.runTask(ThreadPoolExecutor.java:886)
	at java.util.concurrent.ThreadPoolExecutor$Worker.run(ThreadPoolExecutor.java:908)
	at java.lang.Thread.run(Thread.java:662)
]]>
            </full-stacktrace>
          </exception> <!-- java.lang.IllegalArgumentException -->
        </test-method> <!-- failsIfFromDoensNotExist -->
        <test-method status="PASS" signature="copySingleFile()[pri:0, instance:com.atoito.please.test.unit.CopySingleFileActionTest@1b2d7df]" name="copySingleFile" duration-ms="1" started-at="2012-02-28T21:27:00Z" description="if &#039;to&#039; points to an inexistent file, the original file is copied to this path" finished-at="2012-02-28T21:27:00Z">
        </test-method> <!-- copySingleFile -->
      </class> <!-- com.atoito.please.test.unit.CopySingleFileActionTest -->
      <class name="com.atoito.please.test.unit.DefinitionsFileTest">
        <test-method status="PASS" signature="definitionsAreCreated()[pri:0, instance:com.atoito.please.test.unit.DefinitionsFileTest@7a9224]" name="definitionsAreCreated" duration-ms="28" started-at="2012-02-28T21:27:00Z" description="DefinitionsFile contains correct mapping for actions and operations" finished-at="2012-02-28T21:27:00Z">
        </test-method> <!-- definitionsAreCreated -->
      </class> <!-- com.atoito.please.test.unit.DefinitionsFileTest -->
      <class name="com.atoito.please.test.unit.AppendActionTest">
        <test-method status="PASS" signature="setUp()[pri:0, instance:com.atoito.please.test.unit.AppendActionTest@b914b3]" name="setUp" is-config="true" duration-ms="18" started-at="2012-02-28T21:26:59Z" finished-at="2012-02-28T21:26:59Z">
        </test-method> <!-- setUp -->
        <test-method status="PASS" signature="appendContent()[pri:0, instance:com.atoito.please.test.unit.AppendActionTest@b914b3]" name="appendContent" duration-ms="103" started-at="2012-02-28T21:26:59Z" description="content is appended to the file" finished-at="2012-02-28T21:26:59Z">
        </test-method> <!-- appendContent -->
      </class> <!-- com.atoito.please.test.unit.AppendActionTest -->
      <class name="com.atoito.please.test.unit.OpsDslEngineTest">
        <test-method status="PASS" signature="setUp()[pri:0, instance:com.atoito.please.test.unit.OpsDslEngineTest@1629e71]" name="setUp" is-config="true" duration-ms="5" started-at="2012-02-28T21:27:00Z" finished-at="2012-02-28T21:27:00Z">
        </test-method> <!-- setUp -->
        <test-method status="PASS" signature="smokeTestWithStubRegistry()[pri:0, instance:com.atoito.please.test.unit.OpsDslEngineTest@1629e71]" name="smokeTestWithStubRegistry" duration-ms="67" started-at="2012-02-28T21:27:00Z" description="smoke test for basic parsing" finished-at="2012-02-28T21:27:00Z">
        </test-method> <!-- smokeTestWithStubRegistry -->
      </class> <!-- com.atoito.please.test.unit.OpsDslEngineTest -->
      <class name="com.atoito.please.test.unit.ArchivesTest">
        <test-method status="PASS" signature="setUp()[pri:0, instance:com.atoito.please.test.unit.ArchivesTest@19fdbcb]" name="setUp" is-config="true" duration-ms="1" started-at="2012-02-28T21:27:00Z" finished-at="2012-02-28T21:27:00Z">
        </test-method> <!-- setUp -->
        <test-method status="PASS" signature="initMethod()[pri:0, instance:com.atoito.please.test.unit.ArchivesTest@19fdbcb]" name="initMethod" is-config="true" duration-ms="1" started-at="2012-02-28T21:27:00Z" finished-at="2012-02-28T21:27:00Z">
        </test-method> <!-- initMethod -->
        <test-method status="PASS" signature="zipAndUnzip()[pri:0, instance:com.atoito.please.test.unit.ArchivesTest@19fdbcb]" name="zipAndUnzip" duration-ms="34" started-at="2012-02-28T21:27:00Z" description="zip archiver and expander components test" finished-at="2012-02-28T21:27:00Z">
        </test-method> <!-- zipAndUnzip -->
      </class> <!-- com.atoito.please.test.unit.ArchivesTest -->
      <class name="com.atoito.please.test.unit.DirectoriesTest">
        <test-method status="PASS" signature="initData()[pri:0, instance:com.atoito.please.test.unit.DirectoriesTest@c22a3b]" name="initData" is-config="true" duration-ms="1" started-at="2012-02-28T21:27:00Z" finished-at="2012-02-28T21:27:00Z">
        </test-method> <!-- initData -->
        <test-method status="PASS" signature="testFilteredListing()[pri:0, instance:com.atoito.please.test.unit.DirectoriesTest@c22a3b]" name="testFilteredListing" duration-ms="13" started-at="2012-02-28T21:27:00Z" finished-at="2012-02-28T21:27:00Z">
        </test-method> <!-- testFilteredListing -->
        <test-method status="PASS" signature="testIsEmpty()[pri:0, instance:com.atoito.please.test.unit.DirectoriesTest@c22a3b]" name="testIsEmpty" duration-ms="2" started-at="2012-02-28T21:27:00Z" finished-at="2012-02-28T21:27:00Z">
        </test-method> <!-- testIsEmpty -->
        <test-method status="PASS" signature="testListing()[pri:0, instance:com.atoito.please.test.unit.DirectoriesTest@c22a3b]" name="testListing" duration-ms="11" started-at="2012-02-28T21:27:00Z" finished-at="2012-02-28T21:27:00Z">
        </test-method> <!-- testListing -->
      </class> <!-- com.atoito.please.test.unit.DirectoriesTest -->
      <class name="com.atoito.please.test.unit.ArchiveActionsTest">
        <test-method status="PASS" signature="setUp()[pri:0, instance:com.atoito.please.test.unit.ArchiveActionsTest@110b640]" name="setUp" is-config="true" duration-ms="2" started-at="2012-02-28T21:26:59Z" finished-at="2012-02-28T21:26:59Z">
        </test-method> <!-- setUp -->
        <test-method status="PASS" signature="zipDirectory()[pri:0, instance:com.atoito.please.test.unit.ArchiveActionsTest@110b640]" name="zipDirectory" duration-ms="111" started-at="2012-02-28T21:26:59Z" description="the given directory is zipped to the destination file" finished-at="2012-02-28T21:26:59Z">
        </test-method> <!-- zipDirectory -->
        <test-method status="PASS" signature="unzipArchive()[pri:0, instance:com.atoito.please.test.unit.ArchiveActionsTest@110b640]" name="unzipArchive" duration-ms="4" started-at="2012-02-28T21:27:00Z" description="the given archive is unzipped to destination" depends-on-methods="com.atoito.please.test.unit.ArchiveActionsTest.zipDirectory" finished-at="2012-02-28T21:27:00Z">
        </test-method> <!-- unzipArchive -->
      </class> <!-- com.atoito.please.test.unit.ArchiveActionsTest -->
      <class name="com.atoito.please.test.unit.OperationClosureDelegateTest">
        <test-method status="PASS" signature="operationLoading()[pri:0, instance:com.atoito.please.test.unit.OperationClosureDelegateTest@1682a53]" name="operationLoading" duration-ms="40" started-at="2012-02-28T21:27:00Z" description="OperationClosureDelegate loads operation data through missingMethod" finished-at="2012-02-28T21:27:00Z">
        </test-method> <!-- operationLoading -->
      </class> <!-- com.atoito.please.test.unit.OperationClosureDelegateTest -->
    </test> <!-- Gradle test -->
  </suite> <!-- Gradle suite -->
</testng-results>
