<?xml version="1.0" encoding="UTF-8"?>
<testng-results skipped="0" failed="0" total="7" passed="7">
  <reporter-output>
  </reporter-output>
  <suite name="Gradle suite" duration-ms="6957" started-at="2012-02-24T21:46:40Z" finished-at="2012-02-24T21:46:47Z">
    <groups>
    </groups>
    <test name="Gradle test" duration-ms="6957" started-at="2012-02-24T21:46:40Z" finished-at="2012-02-24T21:46:47Z">
      <class name="com.atoito.please.uat.CreateDeleteDirectoryUat">
        <test-method status="PASS" signature="setUp()[pri:0, instance:com.atoito.please.uat.CreateDeleteDirectoryUat@12a73d9]" name="setUp" is-config="true" duration-ms="1" started-at="2012-02-24T21:46:45Z" finished-at="2012-02-24T21:46:45Z">
        </test-method>
        <test-method status="PASS" signature="init()[pri:0, instance:com.atoito.please.uat.CreateDeleteDirectoryUat@12a73d9]" name="init" is-config="true" duration-ms="1" started-at="2012-02-24T21:46:45Z" finished-at="2012-02-24T21:46:45Z">
        </test-method>
        <test-method status="PASS" signature="createDirectory()[pri:0, instance:com.atoito.please.uat.CreateDeleteDirectoryUat@12a73d9]" name="createDirectory" duration-ms="1282" started-at="2012-02-24T21:46:45Z" description="uat for operation &#039;create-dir&#039;" finished-at="2012-02-24T21:46:46Z">
        </test-method>
        <test-method status="PASS" signature="deleteDirectory()[pri:0, instance:com.atoito.please.uat.CreateDeleteDirectoryUat@12a73d9]" name="deleteDirectory" duration-ms="923" started-at="2012-02-24T21:46:46Z" description="uat for operation &#039;delete-dir&#039;" depends-on-methods="com.atoito.please.uat.CreateDeleteDirectoryUat.createDirectory" finished-at="2012-02-24T21:46:47Z">
        </test-method>
        <test-method status="PASS" signature="tearDown()[pri:0, instance:com.atoito.please.uat.CreateDeleteDirectoryUat@12a73d9]" name="tearDown" is-config="true" duration-ms="1" started-at="2012-02-24T21:46:47Z" finished-at="2012-02-24T21:46:47Z">
        </test-method>
      </class>
      <class name="com.atoito.please.uat.BasicFunctionalitySmokeUat">
        <test-method status="PASS" signature="setUp()[pri:0, instance:com.atoito.please.uat.BasicFunctionalitySmokeUat@dd75a4]" name="setUp" is-config="true" duration-ms="1" started-at="2012-02-24T21:46:41Z" finished-at="2012-02-24T21:46:41Z">
        </test-method>
        <test-method status="PASS" signature="basicFunctionsAreWorking([Ljava.lang.String;)[pri:0, instance:com.atoito.please.uat.BasicFunctionalitySmokeUat@dd75a4]" name="basicFunctionsAreWorking" duration-ms="97" started-at="2012-02-24T21:46:41Z" description="base functionality is working" finished-at="2012-02-24T21:46:41Z">
          <params>
            <param index="0">
              <value>
                <![CDATA[[Ljava.lang.String;@12d49e7]]>
              </value>
            </param>
          </params>
        </test-method>
        <test-method status="PASS" signature="basicFunctionsAreWorking([Ljava.lang.String;)[pri:0, instance:com.atoito.please.uat.BasicFunctionalitySmokeUat@dd75a4]" name="basicFunctionsAreWorking" duration-ms="1122" started-at="2012-02-24T21:46:41Z" description="base functionality is working" finished-at="2012-02-24T21:46:42Z">
          <params>
            <param index="0">
              <value>
                <![CDATA[[Ljava.lang.String;@4f14b0]]>
              </value>
            </param>
          </params>
        </test-method>
        <test-method status="PASS" signature="basicFunctionsAreWorking([Ljava.lang.String;)[pri:0, instance:com.atoito.please.uat.BasicFunctionalitySmokeUat@dd75a4]" name="basicFunctionsAreWorking" duration-ms="1192" started-at="2012-02-24T21:46:42Z" description="base functionality is working" finished-at="2012-02-24T21:46:44Z">
          <params>
            <param index="0">
              <value>
                <![CDATA[[Ljava.lang.String;@1d74bb1]]>
              </value>
            </param>
          </params>
        </test-method>
        <test-method status="PASS" signature="basicFunctionsAreWorking([Ljava.lang.String;)[pri:0, instance:com.atoito.please.uat.BasicFunctionalitySmokeUat@dd75a4]" name="basicFunctionsAreWorking" duration-ms="928" started-at="2012-02-24T21:46:44Z" description="base functionality is working" finished-at="2012-02-24T21:46:45Z">
          <params>
            <param index="0">
              <value>
                <![CDATA[[Ljava.lang.String;@1aa7a6a]]>
              </value>
            </param>
          </params>
        </test-method>
        <test-method status="PASS" signature="tearDown()[pri:0, instance:com.atoito.please.uat.BasicFunctionalitySmokeUat@dd75a4]" name="tearDown" is-config="true" duration-ms="1" started-at="2012-02-24T21:46:45Z" finished-at="2012-02-24T21:46:45Z">
        </test-method>
      </class>
      <class name="com.atoito.please.uat.ActionsSequenceUat">
        <test-method status="PASS" signature="setUp()[pri:0, instance:com.atoito.please.uat.ActionsSequenceUat@1568654]" name="setUp" is-config="true" duration-ms="19" started-at="2012-02-24T21:46:40Z" finished-at="2012-02-24T21:46:40Z">
        </test-method>
        <test-method status="PASS" signature="directoryCreation()[pri:0, instance:com.atoito.please.uat.ActionsSequenceUat@1568654]" name="directoryCreation" duration-ms="1274" started-at="2012-02-24T21:46:40Z" description="uat for operation &#039;sequence-operation&#039;" finished-at="2012-02-24T21:46:41Z">
        </test-method>
        <test-method status="PASS" signature="tearDown()[pri:0, instance:com.atoito.please.uat.ActionsSequenceUat@1568654]" name="tearDown" is-config="true" duration-ms="95" started-at="2012-02-24T21:46:41Z" finished-at="2012-02-24T21:46:41Z">
        </test-method>
      </class>
    </test>
  </suite>
</testng-results>
